Using pre-set license
Built from '2020.3/staging' branch; Version is '2020.3.30f1 (1fb1bf06830e) revision 2077119'; Using compiler version '192528614'; Build Type 'Release'
OS: 'Windows 10  (10.0.19044) 64bit Professional' Language: 'ko' Physical Memory: 8139 MB
BatchMode: 1, IsHumanControllingUs: 0, StartBugReporterOnCrash: 0, Is64bit: 1, IsPro: 0

COMMAND LINE ARGUMENTS:
C:\Program Files\Unity\Hub\Editor\2020.3.30f1\Editor\Unity.exe
-adb2
-batchMode
-noUpm
-name
AssetImportWorker0
-projectPath
C:/Users/DS/npc
-logFile
Logs/AssetImportWorker0.log
-srvPort
50996
Successfully changed project path to: C:/Users/DS/npc
C:/Users/DS/npc
Using Asset Import Pipeline V2.
Refreshing native plugins compatible for Editor in 42.78 ms, found 2 plugins.
Preloading 0 native plugins for Editor in 0.00 ms.
Initialize engine version: 2020.3.30f1 (1fb1bf06830e)
[Subsystems] Discovering subsystems at path C:/Program Files/Unity/Hub/Editor/2020.3.30f1/Editor/Data/Resources/UnitySubsystems
[Subsystems] Discovering subsystems at path C:/Users/DS/npc/Assets
GfxDevice: creating device client; threaded=0
Direct3D:
    Version:  Direct3D 11.0 [level 11.0]
    Renderer: NVIDIA GeForce GT 620 (ID=0x1049)
    Vendor:   
    VRAM:     979 MB
    Driver:   21.21.13.7654
Initialize mono
Mono path[0] = 'C:/Program Files/Unity/Hub/Editor/2020.3.30f1/Editor/Data/Managed'
Mono path[1] = 'C:/Program Files/Unity/Hub/Editor/2020.3.30f1/Editor/Data/MonoBleedingEdge/lib/mono/unityjit'
Mono config path = 'C:/Program Files/Unity/Hub/Editor/2020.3.30f1/Editor/Data/MonoBleedingEdge/etc'
Using monoOptions --debugger-agent=transport=dt_socket,embedding=1,server=y,suspend=n,address=127.0.0.1:56740
Begin MonoManager ReloadAssembly
Registering precompiled unity dll's ...
Register platform support module: C:/Program Files/Unity/Hub/Editor/2020.3.30f1/Editor/Data/PlaybackEngines/WebGLSupport/UnityEditor.WebGL.Extensions.dll
Register platform support module: C:/Program Files/Unity/Hub/Editor/2020.3.30f1/Editor/Data/PlaybackEngines/WindowsStandaloneSupport/UnityEditor.WindowsStandalone.Extensions.dll
Registered in 0.005608 seconds.
Native extension for WindowsStandalone target not found
Native extension for WebGL target not found
Refreshing native plugins compatible for Editor in 41.36 ms, found 2 plugins.
Preloading 0 native plugins for Editor in 0.00 ms.
Mono: successfully reloaded assembly
- Completed reload, in  0.825 seconds
Domain Reload Profiling:
	ReloadAssembly (825ms)
		BeginReloadAssembly (116ms)
			ExecutionOrderSort (0ms)
			DisableScriptedObjects (0ms)
			BackupInstance (0ms)
			ReleaseScriptingObjects (0ms)
			CreateAndSetChildDomain (1ms)
		EndReloadAssembly (602ms)
			LoadAssemblies (112ms)
			RebuildTransferFunctionScriptingTraits (0ms)
			SetupTypeCache (207ms)
			ReleaseScriptCaches (0ms)
			RebuildScriptCaches (40ms)
			SetupLoadedEditorAssemblies (213ms)
				LogAssemblyErrors (0ms)
				InitializePlatformSupportModulesInManaged (7ms)
				SetLoadedEditorAssemblies (1ms)
				RefreshPlugins (41ms)
				BeforeProcessingInitializeOnLoad (20ms)
				ProcessInitializeOnLoadAttributes (108ms)
				ProcessInitializeOnLoadMethodAttributes (35ms)
				AfterProcessingInitializeOnLoad (0ms)
				EditorAssembliesLoaded (0ms)
			ExecutionOrderSort2 (0ms)
			AwakeInstancesAfterBackupRestoration (0ms)
Platform modules already initialized, skipping
Registering precompiled user dll's ...
Registered in 0.005842 seconds.
Begin MonoManager ReloadAssembly
Native extension for WindowsStandalone target not found
Native extension for WebGL target not found
Refreshing native plugins compatible for Editor in 0.43 ms, found 2 plugins.
Preloading 0 native plugins for Editor in 0.00 ms.
Mono: successfully reloaded assembly
- Completed reload, in  1.434 seconds
Domain Reload Profiling:
	ReloadAssembly (1435ms)
		BeginReloadAssembly (231ms)
			ExecutionOrderSort (0ms)
			DisableScriptedObjects (6ms)
			BackupInstance (0ms)
			ReleaseScriptingObjects (0ms)
			CreateAndSetChildDomain (23ms)
		EndReloadAssembly (1109ms)
			LoadAssemblies (161ms)
			RebuildTransferFunctionScriptingTraits (0ms)
			SetupTypeCache (379ms)
			ReleaseScriptCaches (1ms)
			RebuildScriptCaches (58ms)
			SetupLoadedEditorAssemblies (422ms)
				LogAssemblyErrors (0ms)
				InitializePlatformSupportModulesInManaged (8ms)
				SetLoadedEditorAssemblies (1ms)
				RefreshPlugins (1ms)
				BeforeProcessingInitializeOnLoad (112ms)
				ProcessInitializeOnLoadAttributes (272ms)
				ProcessInitializeOnLoadMethodAttributes (13ms)
				AfterProcessingInitializeOnLoad (16ms)
				EditorAssembliesLoaded (0ms)
			ExecutionOrderSort2 (0ms)
			AwakeInstancesAfterBackupRestoration (9ms)
Platform modules already initialized, skipping
========================================================================
Worker process is ready to serve import requests
Launched and connected shader compiler UnityShaderCompiler.exe after 0.06 seconds
Refreshing native plugins compatible for Editor in 0.40 ms, found 2 plugins.
Preloading 0 native plugins for Editor in 0.00 ms.
Unloading 1502 Unused Serialized files (Serialized files now loaded: 0)
System memory in use before: 67.6 MB.
System memory in use after: 67.7 MB.

Unloading 16 unused Assets to reduce memory usage. Loaded Objects now: 1937.
Total: 3.707600 ms (FindLiveObjects: 0.195000 ms CreateObjectMapping: 0.147900 ms MarkObjects: 3.277700 ms  DeleteObjects: 0.085300 ms)

AssetImportParameters requested are different than current active one (requested -> active):
  custom:framework-win-MediaFoundation: 216162199b28c13a410421893ffa2e32 -> 
  custom:video-decoder-ogg-theora: a1e56fd34408186e4bbccfd4996cb3dc -> 
  custom:container-muxer-webm: aa71ff27fc2769a1b78a27578f13a17b -> 
  custom:container-demuxer-webm: 4f35f7cbe854078d1ac9338744f61a02 -> 
  custom:container-demuxer-ogg: 62fdf1f143b41e24485cea50d1cbac27 -> 
  custom:video-encoder-webm-vp8: eb34c28f22e8b96e1ab97ce403110664 -> 
  custom:video-decoder-webm-vp8: 9c59270c3fd7afecdb556c50c9e8de78 -> 
  custom:audio-decoder-ogg-vorbis: bf7c407c2cedff20999df2af8eb42d56 -> 
  custom:audio-encoder-webm-vorbis: bf7c407c2cedff20999df2af8eb42d56 -> 
========================================================================
Received Import Request.
  path: Assets/landMaterial.mat
  artifactKey: Guid(1d5b4833736b4d64d8c557be03d5b79f) Importer(815301076,1909f56bfc062723c751e8b465ee728b)
Start importing Assets/landMaterial.mat using Guid(1d5b4833736b4d64d8c557be03d5b79f) Importer(815301076,1909f56bfc062723c751e8b465ee728b)  -> (artifact id: '64c3cc0259f38ac4a043f9aed3c6e6df') in 0.207305 seconds 
========================================================================
Received Import Request.
  Time since last request: 89.565121 seconds.
  path: Assets
  artifactKey: Guid(00000000000000001000000000000000) Importer(815301076,1909f56bfc062723c751e8b465ee728b)
Start importing Assets using Guid(00000000000000001000000000000000) Importer(815301076,1909f56bfc062723c751e8b465ee728b)  -> (artifact id: '42d402b061de3733987d63b9cc3b64de') in 0.009772 seconds 
========================================================================
Received Import Request.
  Time since last request: 10.720961 seconds.
  path: Assets/playerMaterial.mat
  artifactKey: Guid(864e45931bd763b4289ebf79171f2e11) Importer(815301076,1909f56bfc062723c751e8b465ee728b)
Start importing Assets/playerMaterial.mat using Guid(864e45931bd763b4289ebf79171f2e11) Importer(815301076,1909f56bfc062723c751e8b465ee728b)  -> (artifact id: '15240a68844aad2e210cb4cb0fe97ffe') in 0.017125 seconds 
========================================================================
Received Import Request.
  Time since last request: 22.023665 seconds.
  path: Assets/enemyMaterial.mat
  artifactKey: Guid(2bd8c7b6eba2fbd48a582186408c0c43) Importer(815301076,1909f56bfc062723c751e8b465ee728b)
Start importing Assets/enemyMaterial.mat using Guid(2bd8c7b6eba2fbd48a582186408c0c43) Importer(815301076,1909f56bfc062723c751e8b465ee728b)  -> (artifact id: '7a6b763491654e5c28b9a9b51a819839') in 0.015634 seconds 
========================================================================
Received Import Request.
  Time since last request: 23.009493 seconds.
  path: Assets/enemyMaterial.mat
  artifactKey: Guid(2bd8c7b6eba2fbd48a582186408c0c43) Importer(815301076,1909f56bfc062723c751e8b465ee728b)
Start importing Assets/enemyMaterial.mat using Guid(2bd8c7b6eba2fbd48a582186408c0c43) Importer(815301076,1909f56bfc062723c751e8b465ee728b)  -> (artifact id: 'ea2b54bb39dbb1373d1efb3879024614') in 0.029000 seconds 
========================================================================
Received Import Request.
  Time since last request: 0.000328 seconds.
  path: Assets/playerMaterial.mat
  artifactKey: Guid(864e45931bd763b4289ebf79171f2e11) Importer(815301076,1909f56bfc062723c751e8b465ee728b)
Start importing Assets/playerMaterial.mat using Guid(864e45931bd763b4289ebf79171f2e11) Importer(815301076,1909f56bfc062723c751e8b465ee728b)  -> (artifact id: 'e4b2b711f300c6dde83166f9d692d8f7') in 0.024366 seconds 
========================================================================
Received Import Request.
  Time since last request: 0.000312 seconds.
  path: Assets/landMaterial.mat
  artifactKey: Guid(1d5b4833736b4d64d8c557be03d5b79f) Importer(815301076,1909f56bfc062723c751e8b465ee728b)
Start importing Assets/landMaterial.mat using Guid(1d5b4833736b4d64d8c557be03d5b79f) Importer(815301076,1909f56bfc062723c751e8b465ee728b)  -> (artifact id: 'cf868461b4ffebf4f4514fbbd711fc6f') in 0.031108 seconds 
AssetImportWorkerClient::OnTransportError - code=2 error=End of file
